[debug] [2020-09-27T12:01:21.007Z] ----------------------------------------------------------------------
[debug] [2020-09-27T12:01:21.024Z] Command:       C:\Program Files\nodejs\node.exe C:\Users\aziz\AppData\Roaming\npm\node_modules\firebase-tools\lib\bin\firebase.js init
[debug] [2020-09-27T12:01:21.025Z] CLI Version:   8.2.0
[debug] [2020-09-27T12:01:21.026Z] Platform:      win32
[debug] [2020-09-27T12:01:21.026Z] Node Version:  v12.16.3
[debug] [2020-09-27T12:01:21.146Z] Time:          Sun Sep 27 2020 17:01:21 GMT+0500 (Pakistan Standard Time)
[debug] [2020-09-27T12:01:21.146Z] ----------------------------------------------------------------------
[debug] [2020-09-27T12:01:21.147Z] 
[debug] [2020-09-27T12:01:21.292Z] > command requires scopes: ["email","openid","https://www.googleapis.com/auth/cloudplatformprojects.readonly","https://www.googleapis.com/auth/firebase","https://www.googleapis.com/auth/cloud-platform"]
[debug] [2020-09-27T12:01:21.294Z] > authorizing via signed-in user
[info] 
     ######## #### ########  ######## ########     ###     ######  ########
     ##        ##  ##     ## ##       ##     ##  ##   ##  ##       ##
     ######    ##  ########  ######   ########  #########  ######  ######
     ##        ##  ##    ##  ##       ##     ## ##     ##       ## ##
     ##       #### ##     ## ######## ########  ##     ##  ######  ########

You're about to initialize a Firebase project in this directory:

  C:\Users\aziz\Desktop\chat app

[info] 
=== Project Setup
[info] 
[info] First, let's associate this project directory with a Firebase project.
[info] You can create multiple project aliases by running firebase use --add, 
[info] but for now we'll just set up a default project.
[info] 
